android/app/build/intermediates/manifest_merge_blame_file/release/manifest-merger-blame-release-report.txt
1<?xml version="1.0" encoding="utf-8"?>
2<manifest xmlns:android="http://schemas.android.com/apk/res/android"
3    package="com.tailored_insights"
4    android:versionCode="1"
5    android:versionName="1.0" >
6
7    <uses-sdk
8        android:minSdkVersion="21"
8-->src/main/AndroidManifest.xml
9        android:targetSdkVersion="33" />
9-->src/main/AndroidManifest.xml
10
11    <uses-permission android:name="android.permission.INTERNET" />
11-->src/main/AndroidManifest.xml:3:5-67
11-->src/main/AndroidManifest.xml:3:22-64
12    <uses-permission android:name="android.permission.ACCESS_FINE_LOCATION" />
12-->src/main/AndroidManifest.xml:4:5-78
12-->src/main/AndroidManifest.xml:4:22-76
13    <uses-permission android:name="android.permission.ACCESS_COARSE_LOCATION" />
13-->src/main/AndroidManifest.xml:5:5-80
13-->src/main/AndroidManifest.xml:5:22-78
14    <uses-permission android:name="android.permission.ACCESS_NETWORK_STATE" />
14-->[:react-native-community_netinfo] AndroidManifest.xml:7:5-79
14-->[:react-native-community_netinfo] AndroidManifest.xml:7:22-76
15    <uses-permission android:name="android.permission.ACCESS_WIFI_STATE" />
15-->[:react-native-community_netinfo] AndroidManifest.xml:8:5-76
15-->[:react-native-community_netinfo] AndroidManifest.xml:8:22-73
16
17    <uses-feature
17-->[com.google.android.gms:play-services-maps:18.0.2] AndroidManifest.xml:26:5-28:35
18        android:glEsVersion="0x00020000"
18-->[com.google.android.gms:play-services-maps:18.0.2] AndroidManifest.xml:27:9-41
19        android:required="true" />
19-->[com.google.android.gms:play-services-maps:18.0.2] AndroidManifest.xml:28:9-32
20
21    <queries>
21-->[com.google.android.gms:play-services-maps:18.0.2] AndroidManifest.xml:30:5-34:15
22
23        <!-- Needs to be explicitly declared on Android R+ -->
24        <package android:name="com.google.android.apps.maps" />
24-->[com.google.android.gms:play-services-maps:18.0.2] AndroidManifest.xml:33:9-64
24-->[com.google.android.gms:play-services-maps:18.0.2] AndroidManifest.xml:33:18-61
25    </queries>
26
27    <uses-permission android:name="android.permission.WAKE_LOCK" />
27-->[androidx.work:work-runtime:2.7.1] AndroidManifest.xml:25:5-68
27-->[androidx.work:work-runtime:2.7.1] AndroidManifest.xml:25:22-65
28    <uses-permission android:name="android.permission.RECEIVE_BOOT_COMPLETED" />
28-->[androidx.work:work-runtime:2.7.1] AndroidManifest.xml:27:5-81
28-->[androidx.work:work-runtime:2.7.1] AndroidManifest.xml:27:22-78
29    <uses-permission android:name="android.permission.FOREGROUND_SERVICE" />
29-->[androidx.work:work-runtime:2.7.1] AndroidManifest.xml:28:5-77
29-->[androidx.work:work-runtime:2.7.1] AndroidManifest.xml:28:22-74
30
31    <application
31-->src/main/AndroidManifest.xml:8:5-30:19
32        android:name="com.tailored_insights.MainApplication"
32-->src/main/AndroidManifest.xml:9:7-38
33        android:allowBackup="false"
33-->src/main/AndroidManifest.xml:13:7-34
34        android:appComponentFactory="androidx.core.app.CoreComponentFactory"
34-->[androidx.core:core:1.7.0] AndroidManifest.xml:24:18-86
35        android:icon="@mipmap/ic_launcher"
35-->src/main/AndroidManifest.xml:11:7-41
36        android:label="@string/app_name"
36-->src/main/AndroidManifest.xml:10:7-39
37        android:roundIcon="@mipmap/ic_launcher_round"
37-->src/main/AndroidManifest.xml:12:7-52
38        android:theme="@style/AppTheme" >
38-->src/main/AndroidManifest.xml:14:7-38
39        <meta-data
39-->src/main/AndroidManifest.xml:15:9-17:71
40            android:name="com.google.android.geo.API_KEY"
40-->src/main/AndroidManifest.xml:16:13-58
41            android:value="AIzaSyCfxiXntIfBzrcRCETjXcLk_Akq0Qyv2j4" />
41-->src/main/AndroidManifest.xml:17:13-68
42
43        <activity
43-->src/main/AndroidManifest.xml:18:7-29:18
44            android:name="com.tailored_insights.MainActivity"
44-->src/main/AndroidManifest.xml:19:9-37
45            android:configChanges="keyboard|keyboardHidden|orientation|screenLayout|screenSize|smallestScreenSize|uiMode"
45-->src/main/AndroidManifest.xml:21:9-118
46            android:exported="true"
46-->src/main/AndroidManifest.xml:24:9-32
47            android:label="@string/app_name"
47-->src/main/AndroidManifest.xml:20:9-41
48            android:launchMode="singleTask"
48-->src/main/AndroidManifest.xml:22:9-40
49            android:windowSoftInputMode="adjustResize" >
49-->src/main/AndroidManifest.xml:23:9-51
50            <intent-filter>
50-->src/main/AndroidManifest.xml:25:9-28:25
51                <action android:name="android.intent.action.MAIN" />
51-->src/main/AndroidManifest.xml:26:13-65
51-->src/main/AndroidManifest.xml:26:21-62
52
53                <category android:name="android.intent.category.LAUNCHER" />
53-->src/main/AndroidManifest.xml:27:13-73
53-->src/main/AndroidManifest.xml:27:23-70
54            </intent-filter>
55        </activity>
56
57        <provider
57-->[:react-native-image-picker] AndroidManifest.xml:8:9-16:20
58            android:name="com.imagepicker.ImagePickerProvider"
58-->[:react-native-image-picker] AndroidManifest.xml:9:13-63
59            android:authorities="com.tailored_insights.imagepickerprovider"
59-->[:react-native-image-picker] AndroidManifest.xml:10:13-71
60            android:exported="false"
60-->[:react-native-image-picker] AndroidManifest.xml:11:13-37
61            android:grantUriPermissions="true" >
61-->[:react-native-image-picker] AndroidManifest.xml:12:13-47
62            <meta-data
62-->[:react-native-image-picker] AndroidManifest.xml:13:13-15:70
63                android:name="android.support.FILE_PROVIDER_PATHS"
63-->[:react-native-image-picker] AndroidManifest.xml:14:17-67
64                android:resource="@xml/imagepicker_provider_paths" />
64-->[:react-native-image-picker] AndroidManifest.xml:15:17-67
65        </provider>
66
67        <meta-data
67-->[com.github.bumptech.glide:okhttp3-integration:4.12.0] AndroidManifest.xml:11:9-13:43
68            android:name="com.bumptech.glide.integration.okhttp3.OkHttpGlideModule"
68-->[com.github.bumptech.glide:okhttp3-integration:4.12.0] AndroidManifest.xml:12:13-84
69            android:value="GlideModule" /> <!-- Needs to be explicitly declared on P+ -->
69-->[com.github.bumptech.glide:okhttp3-integration:4.12.0] AndroidManifest.xml:13:13-40
70        <uses-library
70-->[com.google.android.gms:play-services-maps:18.0.2] AndroidManifest.xml:39:9-41:40
71            android:name="org.apache.http.legacy"
71-->[com.google.android.gms:play-services-maps:18.0.2] AndroidManifest.xml:40:13-50
72            android:required="false" />
72-->[com.google.android.gms:play-services-maps:18.0.2] AndroidManifest.xml:41:13-37
73
74        <activity
74-->[com.google.android.gms:play-services-base:18.1.0] AndroidManifest.xml:20:9-22:45
75            android:name="com.google.android.gms.common.api.GoogleApiActivity"
75-->[com.google.android.gms:play-services-base:18.1.0] AndroidManifest.xml:20:19-85
76            android:exported="false"
76-->[com.google.android.gms:play-services-base:18.1.0] AndroidManifest.xml:22:19-43
77            android:theme="@android:style/Theme.Translucent.NoTitleBar" />
77-->[com.google.android.gms:play-services-base:18.1.0] AndroidManifest.xml:21:19-78
78
79        <meta-data
79-->[com.google.android.gms:play-services-basement:18.1.0] AndroidManifest.xml:21:9-23:69
80            android:name="com.google.android.gms.version"
80-->[com.google.android.gms:play-services-basement:18.1.0] AndroidManifest.xml:22:13-58
81            android:value="@integer/google_play_services_version" />
81-->[com.google.android.gms:play-services-basement:18.1.0] AndroidManifest.xml:23:13-66
82
83        <provider
83-->[androidx.work:work-runtime:2.7.1] AndroidManifest.xml:31:9-39:20
84            android:name="androidx.startup.InitializationProvider"
84-->[androidx.work:work-runtime:2.7.1] AndroidManifest.xml:32:13-67
85            android:authorities="com.tailored_insights.androidx-startup"
85-->[androidx.work:work-runtime:2.7.1] AndroidManifest.xml:33:13-68
86            android:exported="false" >
86-->[androidx.work:work-runtime:2.7.1] AndroidManifest.xml:34:13-37
87            <meta-data
87-->[androidx.work:work-runtime:2.7.1] AndroidManifest.xml:36:13-38:52
88                android:name="androidx.work.WorkManagerInitializer"
88-->[androidx.work:work-runtime:2.7.1] AndroidManifest.xml:37:17-68
89                android:value="androidx.startup" />
89-->[androidx.work:work-runtime:2.7.1] AndroidManifest.xml:38:17-49
90            <meta-data
90-->[androidx.emoji2:emoji2:1.0.0] AndroidManifest.xml:31:13-33:52
91                android:name="androidx.emoji2.text.EmojiCompatInitializer"
91-->[androidx.emoji2:emoji2:1.0.0] AndroidManifest.xml:32:17-75
92                android:value="androidx.startup" />
92-->[androidx.emoji2:emoji2:1.0.0] AndroidManifest.xml:33:17-49
93            <meta-data
93-->[androidx.lifecycle:lifecycle-process:2.4.0] AndroidManifest.xml:31:13-33:52
94                android:name="androidx.lifecycle.ProcessLifecycleInitializer"
94-->[androidx.lifecycle:lifecycle-process:2.4.0] AndroidManifest.xml:32:17-78
95                android:value="androidx.startup" />
95-->[androidx.lifecycle:lifecycle-process:2.4.0] AndroidManifest.xml:33:17-49
96        </provider>
97
98        <service
98-->[androidx.work:work-runtime:2.7.1] AndroidManifest.xml:41:9-46:35
99            android:name="androidx.work.impl.background.systemalarm.SystemAlarmService"
99-->[androidx.work:work-runtime:2.7.1] AndroidManifest.xml:42:13-88
100            android:directBootAware="false"
100-->[androidx.work:work-runtime:2.7.1] AndroidManifest.xml:43:13-44
101            android:enabled="@bool/enable_system_alarm_service_default"
101-->[androidx.work:work-runtime:2.7.1] AndroidManifest.xml:44:13-72
102            android:exported="false" />
102-->[androidx.work:work-runtime:2.7.1] AndroidManifest.xml:45:13-37
103        <service
103-->[androidx.work:work-runtime:2.7.1] AndroidManifest.xml:47:9-53:35
104            android:name="androidx.work.impl.background.systemjob.SystemJobService"
104-->[androidx.work:work-runtime:2.7.1] AndroidManifest.xml:48:13-84
105            android:directBootAware="false"
105-->[androidx.work:work-runtime:2.7.1] AndroidManifest.xml:49:13-44
106            android:enabled="@bool/enable_system_job_service_default"
106-->[androidx.work:work-runtime:2.7.1] AndroidManifest.xml:50:13-70
107            android:exported="true"
107-->[androidx.work:work-runtime:2.7.1] AndroidManifest.xml:51:13-36
108            android:permission="android.permission.BIND_JOB_SERVICE" />
108-->[androidx.work:work-runtime:2.7.1] AndroidManifest.xml:52:13-69
109        <service
109-->[androidx.work:work-runtime:2.7.1] AndroidManifest.xml:54:9-59:35
110            android:name="androidx.work.impl.foreground.SystemForegroundService"
110-->[androidx.work:work-runtime:2.7.1] AndroidManifest.xml:55:13-81
111            android:directBootAware="false"
111-->[androidx.work:work-runtime:2.7.1] AndroidManifest.xml:56:13-44
112            android:enabled="@bool/enable_system_foreground_service_default"
112-->[androidx.work:work-runtime:2.7.1] AndroidManifest.xml:57:13-77
113            android:exported="false" />
113-->[androidx.work:work-runtime:2.7.1] AndroidManifest.xml:58:13-37
114
115        <receiver
115-->[androidx.work:work-runtime:2.7.1] AndroidManifest.xml:61:9-66:35
116            android:name="androidx.work.impl.utils.ForceStopRunnable$BroadcastReceiver"
116-->[androidx.work:work-runtime:2.7.1] AndroidManifest.xml:62:13-88
117            android:directBootAware="false"
117-->[androidx.work:work-runtime:2.7.1] AndroidManifest.xml:63:13-44
118            android:enabled="true"
118-->[androidx.work:work-runtime:2.7.1] AndroidManifest.xml:64:13-35
119            android:exported="false" />
119-->[androidx.work:work-runtime:2.7.1] AndroidManifest.xml:65:13-37
120        <receiver
120-->[androidx.work:work-runtime:2.7.1] AndroidManifest.xml:67:9-77:20
121            android:name="androidx.work.impl.background.systemalarm.ConstraintProxy$BatteryChargingProxy"
121-->[androidx.work:work-runtime:2.7.1] AndroidManifest.xml:68:13-106
122            android:directBootAware="false"
122-->[androidx.work:work-runtime:2.7.1] AndroidManifest.xml:69:13-44
123            android:enabled="false"
123-->[androidx.work:work-runtime:2.7.1] AndroidManifest.xml:70:13-36
124            android:exported="false" >
124-->[androidx.work:work-runtime:2.7.1] AndroidManifest.xml:71:13-37
125            <intent-filter>
125-->[androidx.work:work-runtime:2.7.1] AndroidManifest.xml:73:13-76:29
126                <action android:name="android.intent.action.ACTION_POWER_CONNECTED" />
126-->[androidx.work:work-runtime:2.7.1] AndroidManifest.xml:74:17-87
126-->[androidx.work:work-runtime:2.7.1] AndroidManifest.xml:74:25-84
127                <action android:name="android.intent.action.ACTION_POWER_DISCONNECTED" />
127-->[androidx.work:work-runtime:2.7.1] AndroidManifest.xml:75:17-90
127-->[androidx.work:work-runtime:2.7.1] AndroidManifest.xml:75:25-87
128            </intent-filter>
129        </receiver>
130        <receiver
130-->[androidx.work:work-runtime:2.7.1] AndroidManifest.xml:78:9-88:20
131            android:name="androidx.work.impl.background.systemalarm.ConstraintProxy$BatteryNotLowProxy"
131-->[androidx.work:work-runtime:2.7.1] AndroidManifest.xml:79:13-104
132            android:directBootAware="false"
132-->[androidx.work:work-runtime:2.7.1] AndroidManifest.xml:80:13-44
133            android:enabled="false"
133-->[androidx.work:work-runtime:2.7.1] AndroidManifest.xml:81:13-36
134            android:exported="false" >
134-->[androidx.work:work-runtime:2.7.1] AndroidManifest.xml:82:13-37
135            <intent-filter>
135-->[androidx.work:work-runtime:2.7.1] AndroidManifest.xml:84:13-87:29
136                <action android:name="android.intent.action.BATTERY_OKAY" />
136-->[androidx.work:work-runtime:2.7.1] AndroidManifest.xml:85:17-77
136-->[androidx.work:work-runtime:2.7.1] AndroidManifest.xml:85:25-74
137                <action android:name="android.intent.action.BATTERY_LOW" />
137-->[androidx.work:work-runtime:2.7.1] AndroidManifest.xml:86:17-76
137-->[androidx.work:work-runtime:2.7.1] AndroidManifest.xml:86:25-73
138            </intent-filter>
139        </receiver>
140        <receiver
140-->[androidx.work:work-runtime:2.7.1] AndroidManifest.xml:89:9-99:20
141            android:name="androidx.work.impl.background.systemalarm.ConstraintProxy$StorageNotLowProxy"
141-->[androidx.work:work-runtime:2.7.1] AndroidManifest.xml:90:13-104
142            android:directBootAware="false"
142-->[androidx.work:work-runtime:2.7.1] AndroidManifest.xml:91:13-44
143            android:enabled="false"
143-->[androidx.work:work-runtime:2.7.1] AndroidManifest.xml:92:13-36
144            android:exported="false" >
144-->[androidx.work:work-runtime:2.7.1] AndroidManifest.xml:93:13-37
145            <intent-filter>
145-->[androidx.work:work-runtime:2.7.1] AndroidManifest.xml:95:13-98:29
146                <action android:name="android.intent.action.DEVICE_STORAGE_LOW" />
146-->[androidx.work:work-runtime:2.7.1] AndroidManifest.xml:96:17-83
146-->[androidx.work:work-runtime:2.7.1] AndroidManifest.xml:96:25-80
147                <action android:name="android.intent.action.DEVICE_STORAGE_OK" />
147-->[androidx.work:work-runtime:2.7.1] AndroidManifest.xml:97:17-82
147-->[androidx.work:work-runtime:2.7.1] AndroidManifest.xml:97:25-79
148            </intent-filter>
149        </receiver>
150        <receiver
150-->[androidx.work:work-runtime:2.7.1] AndroidManifest.xml:100:9-109:20
151            android:name="androidx.work.impl.background.systemalarm.ConstraintProxy$NetworkStateProxy"
151-->[androidx.work:work-runtime:2.7.1] AndroidManifest.xml:101:13-103
152            android:directBootAware="false"
152-->[androidx.work:work-runtime:2.7.1] AndroidManifest.xml:102:13-44
153            android:enabled="false"
153-->[androidx.work:work-runtime:2.7.1] AndroidManifest.xml:103:13-36
154            android:exported="false" >
154-->[androidx.work:work-runtime:2.7.1] AndroidManifest.xml:104:13-37
155            <intent-filter>
155-->[androidx.work:work-runtime:2.7.1] AndroidManifest.xml:106:13-108:29
156                <action android:name="android.net.conn.CONNECTIVITY_CHANGE" />
156-->[androidx.work:work-runtime:2.7.1] AndroidManifest.xml:107:17-79
156-->[androidx.work:work-runtime:2.7.1] AndroidManifest.xml:107:25-76
157            </intent-filter>
158        </receiver>
159        <receiver
159-->[androidx.work:work-runtime:2.7.1] AndroidManifest.xml:110:9-121:20
160            android:name="androidx.work.impl.background.systemalarm.RescheduleReceiver"
160-->[androidx.work:work-runtime:2.7.1] AndroidManifest.xml:111:13-88
161            android:directBootAware="false"
161-->[androidx.work:work-runtime:2.7.1] AndroidManifest.xml:112:13-44
162            android:enabled="false"
162-->[androidx.work:work-runtime:2.7.1] AndroidManifest.xml:113:13-36
163            android:exported="false" >
163-->[androidx.work:work-runtime:2.7.1] AndroidManifest.xml:114:13-37
164            <intent-filter>
164-->[androidx.work:work-runtime:2.7.1] AndroidManifest.xml:116:13-120:29
165                <action android:name="android.intent.action.BOOT_COMPLETED" />
165-->[androidx.work:work-runtime:2.7.1] AndroidManifest.xml:117:17-79
165-->[androidx.work:work-runtime:2.7.1] AndroidManifest.xml:117:25-76
166                <action android:name="android.intent.action.TIME_SET" />
166-->[androidx.work:work-runtime:2.7.1] AndroidManifest.xml:118:17-73
166-->[androidx.work:work-runtime:2.7.1] AndroidManifest.xml:118:25-70
167                <action android:name="android.intent.action.TIMEZONE_CHANGED" />
167-->[androidx.work:work-runtime:2.7.1] AndroidManifest.xml:119:17-81
167-->[androidx.work:work-runtime:2.7.1] AndroidManifest.xml:119:25-78
168            </intent-filter>
169        </receiver>
170        <receiver
170-->[androidx.work:work-runtime:2.7.1] AndroidManifest.xml:122:9-131:20
171            android:name="androidx.work.impl.background.systemalarm.ConstraintProxyUpdateReceiver"
171-->[androidx.work:work-runtime:2.7.1] AndroidManifest.xml:123:13-99
172            android:directBootAware="false"
172-->[androidx.work:work-runtime:2.7.1] AndroidManifest.xml:124:13-44
173            android:enabled="@bool/enable_system_alarm_service_default"
173-->[androidx.work:work-runtime:2.7.1] AndroidManifest.xml:125:13-72
174            android:exported="false" >
174-->[androidx.work:work-runtime:2.7.1] AndroidManifest.xml:126:13-37
175            <intent-filter>
175-->[androidx.work:work-runtime:2.7.1] AndroidManifest.xml:128:13-130:29
176                <action android:name="androidx.work.impl.background.systemalarm.UpdateProxies" />
176-->[androidx.work:work-runtime:2.7.1] AndroidManifest.xml:129:17-98
176-->[androidx.work:work-runtime:2.7.1] AndroidManifest.xml:129:25-95
177            </intent-filter>
178        </receiver>
179        <receiver
179-->[androidx.work:work-runtime:2.7.1] AndroidManifest.xml:132:9-142:20
180            android:name="androidx.work.impl.diagnostics.DiagnosticsReceiver"
180-->[androidx.work:work-runtime:2.7.1] AndroidManifest.xml:133:13-78
181            android:directBootAware="false"
181-->[androidx.work:work-runtime:2.7.1] AndroidManifest.xml:134:13-44
182            android:enabled="true"
182-->[androidx.work:work-runtime:2.7.1] AndroidManifest.xml:135:13-35
183            android:exported="true"
183-->[androidx.work:work-runtime:2.7.1] AndroidManifest.xml:136:13-36
184            android:permission="android.permission.DUMP" >
184-->[androidx.work:work-runtime:2.7.1] AndroidManifest.xml:137:13-57
185            <intent-filter>
185-->[androidx.work:work-runtime:2.7.1] AndroidManifest.xml:139:13-141:29
186                <action android:name="androidx.work.diagnostics.REQUEST_DIAGNOSTICS" />
186-->[androidx.work:work-runtime:2.7.1] AndroidManifest.xml:140:17-88
186-->[androidx.work:work-runtime:2.7.1] AndroidManifest.xml:140:25-85
187            </intent-filter>
188        </receiver>
189
190        <meta-data
190-->[com.facebook.soloader:soloader:0.10.5] AndroidManifest.xml:12:9-14:37
191            android:name="com.facebook.soloader.enabled"
191-->[com.facebook.soloader:soloader:0.10.5] AndroidManifest.xml:13:13-57
192            android:value="false" />
192-->[com.facebook.soloader:soloader:0.10.5] AndroidManifest.xml:14:13-34
193
194        <service
194-->[androidx.room:room-runtime:2.2.5] AndroidManifest.xml:25:9-28:40
195            android:name="androidx.room.MultiInstanceInvalidationService"
195-->[androidx.room:room-runtime:2.2.5] AndroidManifest.xml:26:13-74
196            android:directBootAware="true"
196-->[androidx.room:room-runtime:2.2.5] AndroidManifest.xml:27:13-43
197            android:exported="false" />
197-->[androidx.room:room-runtime:2.2.5] AndroidManifest.xml:28:13-37
198    </application>
199
200</manifest>